# JRE version: OpenJDK Runtime Environment (17.0.6) (build 17.0.6+0-b2043.56-10027231)
# Java VM: OpenJDK 64-Bit Server VM (17.0.6+0-b2043.56-10027231, mixed mode, tiered, compressed oops, compressed class ptrs, g1 gc, windows-amd64)
GC Precious Log:
 CPUs: 4 total, 4 available
 Memory: 7834M
 Large Page Support: Disabled
 NUMA Support: Disabled
 Compressed Oops: Enabled (32-bit)
 Heap Region Size: 1M
 Heap Min Capacity: 8M
 Heap Initial Capacity: 124M
 Heap Max Capacity: 2G
 Pre-touch: Disabled
 Parallel Workers: 4
 Concurrent Workers: 1
 Concurrent Refinement Workers: 4
 Periodic GC: Disabled
Heap:
 garbage-first heap   total 510976K, used 361295K [0x0000000080000000, 0x0000000100000000)
  region size 1024K, 65 young (66560K), 2 survivors (2048K)
 Metaspace       used 198503K, committed 199744K, reserved 1228800K
  class space    used 25245K, committed 25856K, reserved 1048576K
GC Heap History (20 events):
Event: 58.740 GC heap before
{Heap before GC invocations=57 (full 0):
 garbage-first heap   total 489472K, used 411648K [0x0000000080000000, 0x0000000100000000)
  region size 1024K, 167 young (171008K), 8 survivors (8192K)
 Metaspace       used 169158K, committed 170112K, reserved 1204224K
  class space    used 22008K, committed 22464K, reserved 1048576K
}
Event: 58.775 GC heap after
{Heap after GC invocations=58 (full 0):
 garbage-first heap   total 489472K, used 249438K [0x0000000080000000, 0x0000000100000000)
  region size 1024K, 21 young (21504K), 21 survivors (21504K)
 Metaspace       used 169158K, committed 170112K, reserved 1204224K
  class space    used 22008K, committed 22464K, reserved 1048576K
}
Event: 58.800 GC heap before
{Heap before GC invocations=58 (full 0):
 garbage-first heap   total 489472K, used 251486K [0x0000000080000000, 0x0000000100000000)
  region size 1024K, 23 young (23552K), 21 survivors (21504K)
 Metaspace       used 169159K, committed 170112K, reserved 1204224K
  class space    used 22008K, committed 22464K, reserved 1048576K
}
Event: 58.820 GC heap after
{Heap after GC invocations=59 (full 0):
 garbage-first heap   total 489472K, used 246986K [0x0000000080000000, 0x0000000100000000)
  region size 1024K, 2 young (2048K), 2 survivors (2048K)
 Metaspace       used 169159K, committed 170112K, reserved 1204224K
  class space    used 22008K, committed 22464K, reserved 1048576K
}
Event: 63.381 GC heap before
{Heap before GC invocations=59 (full 0):
 garbage-first heap   total 489472K, used 395466K [0x0000000080000000, 0x0000000100000000)
  region size 1024K, 148 young (151552K), 2 survivors (2048K)
 Metaspace       used 173399K, committed 174400K, reserved 1204224K
  class space    used 22450K, committed 22912K, reserved 1048576K
}
Event: 63.403 GC heap after
{Heap after GC invocations=60 (full 0):
 garbage-first heap   total 489472K, used 254611K [0x0000000080000000, 0x0000000100000000)
  region size 1024K, 10 young (10240K), 10 survivors (10240K)
 Metaspace       used 173399K, committed 174400K, reserved 1204224K
  class space    used 22450K, committed 22912K, reserved 1048576K
}
Event: 89.937 GC heap before
{Heap before GC invocations=60 (full 0):
 garbage-first heap   total 489472K, used 400019K [0x0000000080000000, 0x0000000100000000)
  region size 1024K, 153 young (156672K), 10 survivors (10240K)
 Metaspace       used 182887K, committed 184064K, reserved 1212416K
  class space    used 23513K, committed 24064K, reserved 1048576K
}
Event: 89.968 GC heap after
{Heap after GC invocations=61 (full 0):
 garbage-first heap   total 489472K, used 267087K [0x0000000080000000, 0x0000000100000000)
  region size 1024K, 20 young (20480K), 20 survivors (20480K)
 Metaspace       used 182887K, committed 184064K, reserved 1212416K
  class space    used 23513K, committed 24064K, reserved 1048576K
}
Event: 92.136 GC heap before
{Heap before GC invocations=61 (full 0):
 garbage-first heap   total 489472K, used 375631K [0x0000000080000000, 0x0000000100000000)
  region size 1024K, 128 young (131072K), 20 survivors (20480K)
 Metaspace       used 185149K, committed 186432K, reserved 1212416K
  class space    used 23814K, committed 24448K, reserved 1048576K
}
Event: 92.205 GC heap after
{Heap after GC invocations=62 (full 0):
 garbage-first heap   total 489472K, used 280990K [0x0000000080000000, 0x0000000100000000)
  region size 1024K, 14 young (14336K), 14 survivors (14336K)
 Metaspace       used 185149K, committed 186432K, reserved 1212416K
  class space    used 23814K, committed 24448K, reserved 1048576K
}
Event: 97.671 GC heap before
{Heap before GC invocations=63 (full 0):
 garbage-first heap   total 489472K, used 423326K [0x0000000080000000, 0x0000000100000000)
  region size 1024K, 135 young (138240K), 14 survivors (14336K)
 Metaspace       used 188403K, committed 189632K, reserved 1220608K
  class space    used 24163K, committed 24768K, reserved 1048576K
}
Event: 97.728 GC heap after
{Heap after GC invocations=64 (full 0):
 garbage-first heap   total 489472K, used 326144K [0x0000000080000000, 0x0000000100000000)
  region size 1024K, 17 young (17408K), 17 survivors (17408K)
 Metaspace       used 188403K, committed 189632K, reserved 1220608K
  class space    used 24163K, committed 24768K, reserved 1048576K
}
Event: 97.917 GC heap before
{Heap before GC invocations=64 (full 0):
 garbage-first heap   total 489472K, used 331264K [0x0000000080000000, 0x0000000100000000)
  region size 1024K, 23 young (23552K), 17 survivors (17408K)
 Metaspace       used 190016K, committed 191232K, reserved 1220608K
  class space    used 24388K, committed 25024K, reserved 1048576K
}
Event: 97.943 GC heap after
{Heap after GC invocations=65 (full 0):
 garbage-first heap   total 489472K, used 325120K [0x0000000080000000, 0x0000000100000000)
  region size 1024K, 2 young (2048K), 2 survivors (2048K)
 Metaspace       used 190016K, committed 191232K, reserved 1220608K
  class space    used 24388K, committed 25024K, reserved 1048576K
}
Event: 99.380 GC heap before
{Heap before GC invocations=65 (full 0):
 garbage-first heap   total 489472K, used 416256K [0x0000000080000000, 0x0000000100000000)
  region size 1024K, 75 young (76800K), 2 survivors (2048K)
 Metaspace       used 192335K, committed 193600K, reserved 1220608K
  class space    used 24581K, committed 25216K, reserved 1048576K
}
Event: 99.394 GC heap after
{Heap after GC invocations=66 (full 0):
 garbage-first heap   total 489472K, used 332288K [0x0000000080000000, 0x0000000100000000)
  region size 1024K, 9 young (9216K), 9 survivors (9216K)
 Metaspace       used 192335K, committed 193600K, reserved 1220608K
  class space    used 24581K, committed 25216K, reserved 1048576K
}
Event: 101.073 GC heap before
{Heap before GC invocations=66 (full 0):
 garbage-first heap   total 489472K, used 403968K [0x0000000080000000, 0x0000000100000000)
  region size 1024K, 80 young (81920K), 9 survivors (9216K)
 Metaspace       used 194514K, committed 195776K, reserved 1220608K
  class space    used 24769K, committed 25408K, reserved 1048576K
}
Event: 101.084 GC heap after
{Heap after GC invocations=67 (full 0):
 garbage-first heap   total 489472K, used 332800K [0x0000000080000000, 0x0000000100000000)
  region size 1024K, 2 young (2048K), 2 survivors (2048K)
 Metaspace       used 194514K, committed 195776K, reserved 1220608K
  class space    used 24769K, committed 25408K, reserved 1048576K
}
Event: 104.505 GC heap before
{Heap before GC invocations=67 (full 0):
 garbage-first heap   total 489472K, used 408576K [0x0000000080000000, 0x0000000100000000)
  region size 1024K, 77 young (78848K), 2 survivors (2048K)
 Metaspace       used 195887K, committed 197184K, reserved 1220608K
  class space    used 24922K, committed 25600K, reserved 1048576K
}
Event: 104.518 GC heap after
{Heap after GC invocations=68 (full 0):
 garbage-first heap   total 489472K, used 332623K [0x0000000080000000, 0x0000000100000000)
  region size 1024K, 2 young (2048K), 2 survivors (2048K)
 Metaspace       used 195887K, committed 197184K, reserved 1220608K
  class space    used 24922K, committed 25600K, reserved 1048576K
}

